[INFO] Error stacktraces are turned on.
[INFO] Scanning for projects...
[INFO] 
[INFO] ----------< uk.gov.moj.cpp.results:results-domain-aggregate >-----------
[INFO] Building results-domain-aggregate 17.0.82-CCT-2357-SNAPSHOT
[INFO] --------------------------------[ jar ]---------------------------------
[INFO] 
[INFO] --- build-helper-maven-plugin:3.0.0:maven-version (maven-version) @ results-domain-aggregate ---
[INFO] 
[INFO] --- maven-enforcer-plugin:3.0.0-M3:enforce (enforce-prerequisites) @ results-domain-aggregate ---
[INFO] 
[INFO] --- maven-enforcer-plugin:3.0.0-M3:enforce (enforce-moj-latest-interfaces) @ results-domain-aggregate ---
[INFO] 
[INFO] --- maven-enforcer-plugin:3.0.0-M3:enforce (enforce-latest-core-domain) @ results-domain-aggregate ---
[INFO] Skipping Rule Enforcement.
[INFO] 
[INFO] --- maven-enforcer-plugin:3.0.0-M3:enforce (enforce-latest-service-parent-pom) @ results-domain-aggregate ---
[INFO] Skipping Rule Enforcement.
[INFO] 
[INFO] --- buildnumber-maven-plugin:1.4:create (buildnumber-git) @ results-domain-aggregate ---
[INFO] ShortRevision tag detected. The value is '7'.
[INFO] Executing: /bin/sh -c cd '/Users/srivanimuddineni/HMCTS/becontexts/cpp-context-results/results-domain/results-domain-aggregate' && 'git' 'rev-parse' '--verify' '--short=7' 'HEAD'
[INFO] Working directory: /Users/srivanimuddineni/HMCTS/becontexts/cpp-context-results/results-domain/results-domain-aggregate
[INFO] Storing buildNumber: 9735748 at timestamp: 1762719978067
[INFO] Storing buildScmBranch: dev/CCT-2357-AppOnlyAmendment-DD-40522
[INFO] 
[INFO] --- groovy-maven-plugin:2.1.1:execute (set-hostname) @ results-domain-aggregate ---
[INFO] 
[INFO] --- maven-resources-plugin:3.1.0:copy-resources (copy-resources) @ results-domain-aggregate ---
[INFO] Using 'UTF-8' encoding to copy filtered resources.
[INFO] skip non existing resourceDirectory /Users/srivanimuddineni/HMCTS/becontexts/cpp-context-results/results-domain/results-domain-aggregate/src/raml/json
[INFO] 
[INFO] --- jacoco-maven-plugin:0.8.8:prepare-agent (default-prepare-agent) @ results-domain-aggregate ---
[INFO] argLine set to -javaagent:/Users/srivanimuddineni/.m2/repository/org/jacoco/org.jacoco.agent/0.8.8/org.jacoco.agent-0.8.8-runtime.jar=destfile=/Users/srivanimuddineni/HMCTS/becontexts/cpp-context-results/results-domain/results-domain-aggregate/target/jacoco.exec,excludes=uk/gov/justice/api/*Application.class:uk/gov/justice/api/*JmsListener.class:uk/gov/justice/api/Remote*.class:uk/gov/justice/api/resource/*Resource.class:org/drools/compiler/lang/DRL6Lexer*:org/drools/compiler/lang*
[INFO] 
[INFO] --- maven-remote-resources-plugin:1.5:process (wildfly-configs) @ results-domain-aggregate ---
[INFO] 
[INFO] --- maven-resources-plugin:3.1.0:resources (default-resources) @ results-domain-aggregate ---
[INFO] Using 'UTF-8' encoding to copy filtered resources.
[INFO] Copying 1 resource
[INFO] skip non existing resourceDirectory /Users/srivanimuddineni/HMCTS/becontexts/cpp-context-results/results-domain/results-domain-aggregate/target/generated-resources
[INFO] 
[INFO] --- maven-compiler-plugin:3.10.1:compile (default-compile) @ results-domain-aggregate ---
[INFO] Nothing to compile - all classes are up to date
[INFO] 
[INFO] --- annotation-validator-maven-plugin:1.0.1:check-annotations (default) @ results-domain-aggregate ---
[INFO] Skipping annotation validation.
[INFO] 
[INFO] --- maven-resources-plugin:3.1.0:testResources (default-testResources) @ results-domain-aggregate ---
[INFO] Using 'UTF-8' encoding to copy filtered resources.
[INFO] Copying 1620 resources
[INFO] skip non existing resourceDirectory /Users/srivanimuddineni/HMCTS/becontexts/cpp-context-results/results-domain/results-domain-aggregate/target/generated-test-resources
[INFO] 
[INFO] --- maven-compiler-plugin:3.10.1:testCompile (default-testCompile) @ results-domain-aggregate ---
[INFO] Changes detected - recompiling the module!
[INFO] Compiling 35 source files to /Users/srivanimuddineni/HMCTS/becontexts/cpp-context-results/results-domain/results-domain-aggregate/target/test-classes
[WARNING] /Users/srivanimuddineni/HMCTS/becontexts/cpp-context-results/results-domain/results-domain-aggregate/src/test/java/uk/gov/moj/cpp/results/domain/aggregate/HearingFinancialResultAggregateTestSteps.java:[227,54] unchecked conversion
  required: java.util.Map<java.util.UUID,java.lang.String>
  found:    java.util.Map
[WARNING] /Users/srivanimuddineni/HMCTS/becontexts/cpp-context-results/results-domain/results-domain-aggregate/src/test/java/uk/gov/moj/cpp/results/domain/aggregate/HearingFinancialResultsAggregateTest.java:[203,27] initMocks(java.lang.Object) in org.mockito.MockitoAnnotations has been deprecated
[WARNING] /Users/srivanimuddineni/HMCTS/becontexts/cpp-context-results/results-domain/results-domain-aggregate/src/test/java/uk/gov/moj/cpp/results/domain/aggregate/utils/GobAccountHelperTest.java:[50,71] unchecked method invocation: method getOldGobAccount in class uk.gov.moj.cpp.results.domain.aggregate.utils.GobAccountHelper is applied to given types
  required: java.util.LinkedList<uk.gov.moj.cpp.results.domain.aggregate.utils.CorrelationItem>,java.util.UUID,java.util.UUID,java.util.Map<java.util.UUID,java.util.List<uk.gov.justice.hearing.courts.OffenceResultsDetails>>
  found:    java.util.LinkedList<uk.gov.moj.cpp.results.domain.aggregate.utils.CorrelationItem>,java.util.UUID,java.util.UUID,java.util.Map
[WARNING] /Users/srivanimuddineni/HMCTS/becontexts/cpp-context-results/results-domain/results-domain-aggregate/src/test/java/uk/gov/moj/cpp/results/domain/aggregate/utils/GobAccountHelperTest.java:[50,174] unchecked conversion
  required: java.util.Map<java.util.UUID,java.util.List<uk.gov.justice.hearing.courts.OffenceResultsDetails>>
  found:    java.util.Map
[WARNING] /Users/srivanimuddineni/HMCTS/becontexts/cpp-context-results/results-domain/results-domain-aggregate/src/test/java/uk/gov/moj/cpp/results/domain/aggregate/utils/GobAccountHelperTest.java:[71,71] unchecked method invocation: method getOldGobAccount in class uk.gov.moj.cpp.results.domain.aggregate.utils.GobAccountHelper is applied to given types
  required: java.util.LinkedList<uk.gov.moj.cpp.results.domain.aggregate.utils.CorrelationItem>,java.util.UUID,java.util.UUID,java.util.Map<java.util.UUID,java.util.List<uk.gov.justice.hearing.courts.OffenceResultsDetails>>
  found:    java.util.LinkedList<uk.gov.moj.cpp.results.domain.aggregate.utils.CorrelationItem>,java.util.UUID,java.util.UUID,java.util.Map
[WARNING] /Users/srivanimuddineni/HMCTS/becontexts/cpp-context-results/results-domain/results-domain-aggregate/src/test/java/uk/gov/moj/cpp/results/domain/aggregate/utils/GobAccountHelperTest.java:[71,176] unchecked conversion
  required: java.util.Map<java.util.UUID,java.util.List<uk.gov.justice.hearing.courts.OffenceResultsDetails>>
  found:    java.util.Map
[WARNING] /Users/srivanimuddineni/HMCTS/becontexts/cpp-context-results/results-domain/results-domain-aggregate/src/test/java/uk/gov/moj/cpp/results/domain/aggregate/utils/GobAccountHelperTest.java:[92,71] unchecked method invocation: method getOldGobAccount in class uk.gov.moj.cpp.results.domain.aggregate.utils.GobAccountHelper is applied to given types
  required: java.util.LinkedList<uk.gov.moj.cpp.results.domain.aggregate.utils.CorrelationItem>,java.util.UUID,java.util.UUID,java.util.Map<java.util.UUID,java.util.List<uk.gov.justice.hearing.courts.OffenceResultsDetails>>
  found:    java.util.LinkedList<uk.gov.moj.cpp.results.domain.aggregate.utils.CorrelationItem>,java.util.UUID,java.util.UUID,java.util.Map
[WARNING] /Users/srivanimuddineni/HMCTS/becontexts/cpp-context-results/results-domain/results-domain-aggregate/src/test/java/uk/gov/moj/cpp/results/domain/aggregate/utils/GobAccountHelperTest.java:[92,176] unchecked conversion
  required: java.util.Map<java.util.UUID,java.util.List<uk.gov.justice.hearing.courts.OffenceResultsDetails>>
  found:    java.util.Map
[WARNING] /Users/srivanimuddineni/HMCTS/becontexts/cpp-context-results/results-domain/results-domain-aggregate/src/test/java/uk/gov/moj/cpp/results/domain/aggregate/utils/GobAccountHelperTest.java:[118,71] unchecked method invocation: method getOldGobAccount in class uk.gov.moj.cpp.results.domain.aggregate.utils.GobAccountHelper is applied to given types
  required: java.util.LinkedList<uk.gov.moj.cpp.results.domain.aggregate.utils.CorrelationItem>,java.util.UUID,java.util.UUID,java.util.Map<java.util.UUID,java.util.List<uk.gov.justice.hearing.courts.OffenceResultsDetails>>
  found:    java.util.LinkedList<uk.gov.moj.cpp.results.domain.aggregate.utils.CorrelationItem>,java.util.UUID,java.util.UUID,java.util.Map
[WARNING] /Users/srivanimuddineni/HMCTS/becontexts/cpp-context-results/results-domain/results-domain-aggregate/src/test/java/uk/gov/moj/cpp/results/domain/aggregate/utils/GobAccountHelperTest.java:[118,176] unchecked conversion
  required: java.util.Map<java.util.UUID,java.util.List<uk.gov.justice.hearing.courts.OffenceResultsDetails>>
  found:    java.util.Map
[WARNING] /Users/srivanimuddineni/HMCTS/becontexts/cpp-context-results/results-domain/results-domain-aggregate/src/test/java/uk/gov/moj/cpp/results/domain/aggregate/utils/GobAccountHelperTest.java:[126,78] unchecked method invocation: method getOldGobAccount in class uk.gov.moj.cpp.results.domain.aggregate.utils.GobAccountHelper is applied to given types
  required: java.util.LinkedList<uk.gov.moj.cpp.results.domain.aggregate.utils.CorrelationItem>,java.util.UUID,java.util.UUID,java.util.Map<java.util.UUID,java.util.List<uk.gov.justice.hearing.courts.OffenceResultsDetails>>
  found:    java.util.LinkedList<uk.gov.moj.cpp.results.domain.aggregate.utils.CorrelationItem>,java.util.UUID,java.util.UUID,java.util.Map
[WARNING] /Users/srivanimuddineni/HMCTS/becontexts/cpp-context-results/results-domain/results-domain-aggregate/src/test/java/uk/gov/moj/cpp/results/domain/aggregate/utils/GobAccountHelperTest.java:[126,183] unchecked conversion
  required: java.util.Map<java.util.UUID,java.util.List<uk.gov.justice.hearing.courts.OffenceResultsDetails>>
  found:    java.util.Map
[WARNING] /Users/srivanimuddineni/HMCTS/becontexts/cpp-context-results/results-domain/results-domain-aggregate/src/test/java/uk/gov/moj/cpp/results/domain/aggregate/utils/GobAccountHelperTest.java:[134,69] unchecked method invocation: method getOldGobAccounts in class uk.gov.moj.cpp.results.domain.aggregate.utils.GobAccountHelper is applied to given types
  required: java.util.LinkedList<uk.gov.moj.cpp.results.domain.aggregate.utils.CorrelationItem>,java.util.UUID,java.util.List<java.util.UUID>,java.util.Map<java.util.UUID,java.util.List<uk.gov.justice.hearing.courts.OffenceResultsDetails>>
  found:    java.util.LinkedList<uk.gov.moj.cpp.results.domain.aggregate.utils.CorrelationItem>,java.util.UUID,java.util.List<java.util.UUID>,java.util.Map
[WARNING] /Users/srivanimuddineni/HMCTS/becontexts/cpp-context-results/results-domain/results-domain-aggregate/src/test/java/uk/gov/moj/cpp/results/domain/aggregate/utils/GobAccountHelperTest.java:[134,171] unchecked conversion
  required: java.util.Map<java.util.UUID,java.util.List<uk.gov.justice.hearing.courts.OffenceResultsDetails>>
  found:    java.util.Map
[WARNING] /Users/srivanimuddineni/HMCTS/becontexts/cpp-context-results/results-domain/results-domain-aggregate/src/test/java/uk/gov/moj/cpp/results/domain/aggregate/utils/GobAccountHelperTest.java:[134,69] unchecked conversion
  required: java.util.List<java.lang.String>
  found:    java.util.List
[WARNING] /Users/srivanimuddineni/HMCTS/becontexts/cpp-context-results/results-domain/results-domain-aggregate/src/test/java/uk/gov/moj/cpp/results/domain/aggregate/utils/GobAccountHelperTest.java:[163,69] unchecked method invocation: method getOldGobAccounts in class uk.gov.moj.cpp.results.domain.aggregate.utils.GobAccountHelper is applied to given types
  required: java.util.LinkedList<uk.gov.moj.cpp.results.domain.aggregate.utils.CorrelationItem>,java.util.UUID,java.util.List<java.util.UUID>,java.util.Map<java.util.UUID,java.util.List<uk.gov.justice.hearing.courts.OffenceResultsDetails>>
  found:    java.util.LinkedList<uk.gov.moj.cpp.results.domain.aggregate.utils.CorrelationItem>,java.util.UUID,java.util.List<java.util.UUID>,java.util.Map
[WARNING] /Users/srivanimuddineni/HMCTS/becontexts/cpp-context-results/results-domain/results-domain-aggregate/src/test/java/uk/gov/moj/cpp/results/domain/aggregate/utils/GobAccountHelperTest.java:[163,183] unchecked conversion
  required: java.util.Map<java.util.UUID,java.util.List<uk.gov.justice.hearing.courts.OffenceResultsDetails>>
  found:    java.util.Map
[WARNING] /Users/srivanimuddineni/HMCTS/becontexts/cpp-context-results/results-domain/results-domain-aggregate/src/test/java/uk/gov/moj/cpp/results/domain/aggregate/utils/GobAccountHelperTest.java:[163,69] unchecked conversion
  required: java.util.List<java.lang.String>
  found:    java.util.List
[WARNING] /Users/srivanimuddineni/HMCTS/becontexts/cpp-context-results/results-domain/results-domain-aggregate/src/test/java/uk/gov/moj/cpp/results/domain/aggregate/utils/GobAccountHelperTest.java:[207,69] unchecked method invocation: method getOldGobAccounts in class uk.gov.moj.cpp.results.domain.aggregate.utils.GobAccountHelper is applied to given types
  required: java.util.LinkedList<uk.gov.moj.cpp.results.domain.aggregate.utils.CorrelationItem>,java.util.UUID,java.util.List<java.util.UUID>,java.util.Map<java.util.UUID,java.util.List<uk.gov.justice.hearing.courts.OffenceResultsDetails>>
  found:    java.util.LinkedList<uk.gov.moj.cpp.results.domain.aggregate.utils.CorrelationItem>,java.util.UUID,java.util.List<java.util.UUID>,java.util.Map
[WARNING] /Users/srivanimuddineni/HMCTS/becontexts/cpp-context-results/results-domain/results-domain-aggregate/src/test/java/uk/gov/moj/cpp/results/domain/aggregate/utils/GobAccountHelperTest.java:[207,203] unchecked conversion
  required: java.util.Map<java.util.UUID,java.util.List<uk.gov.justice.hearing.courts.OffenceResultsDetails>>
  found:    java.util.Map
[WARNING] /Users/srivanimuddineni/HMCTS/becontexts/cpp-context-results/results-domain/results-domain-aggregate/src/test/java/uk/gov/moj/cpp/results/domain/aggregate/utils/GobAccountHelperTest.java:[207,69] unchecked conversion
  required: java.util.List<java.lang.String>
  found:    java.util.List
[INFO] 
[INFO] --- maven-surefire-plugin:3.1.2:test (default-test) @ results-domain-aggregate ---
[INFO] Surefire report directory: /Users/srivanimuddineni/HMCTS/becontexts/cpp-context-results/results-domain/results-domain-aggregate/target/surefire-reports
[INFO] Using auto detected provider org.apache.maven.surefire.junitplatform.JUnitPlatformProvider
[INFO] 
[INFO] -------------------------------------------------------
[INFO]  T E S T S
[INFO] -------------------------------------------------------
[INFO] Running uk.gov.moj.cpp.results.domain.aggregate.finresultsnotifications.rules.applications.amendments.ApplicationOnlyAmendmentAccWriteOffRuleTest
[ERROR] Tests run: 2, Failures: 1, Errors: 0, Skipped: 0, Time elapsed: 0.134 s <<< FAILURE! -- in uk.gov.moj.cpp.results.domain.aggregate.finresultsnotifications.rules.applications.amendments.ApplicationOnlyAmendmentAccWriteOffRuleTest
[ERROR] uk.gov.moj.cpp.results.domain.aggregate.finresultsnotifications.rules.applications.amendments.ApplicationOnlyAmendmentAccWriteOffRuleTest.shouldApplyOnlyForApplicationResultsOnlyAmendment -- Time elapsed: 0.101 s <<< FAILURE!
java.lang.AssertionError: Rule should apply for application-only amendment
	at org.hamcrest.MatcherAssert.assertThat(MatcherAssert.java:26)
	at uk.gov.moj.cpp.results.domain.aggregate.finresultsnotifications.rules.applications.amendments.ApplicationOnlyAmendmentAccWriteOffRuleTest.shouldApplyOnlyForApplicationResultsOnlyAmendment(ApplicationOnlyAmendmentAccWriteOffRuleTest.java:59)
	at java.base/jdk.internal.reflect.NativeMethodAccessorImpl.invoke0(Native Method)
	at java.base/jdk.internal.reflect.NativeMethodAccessorImpl.invoke(NativeMethodAccessorImpl.java:77)
	at java.base/jdk.internal.reflect.DelegatingMethodAccessorImpl.invoke(DelegatingMethodAccessorImpl.java:43)
	at java.base/java.lang.reflect.Method.invoke(Method.java:568)
	at org.junit.platform.commons.util.ReflectionUtils.invokeMethod(ReflectionUtils.java:727)
	at org.junit.jupiter.engine.execution.MethodInvocation.proceed(MethodInvocation.java:60)
	at org.junit.jupiter.engine.execution.InvocationInterceptorChain$ValidatingInvocation.proceed(InvocationInterceptorChain.java:131)
	at org.junit.jupiter.engine.extension.TimeoutExtension.intercept(TimeoutExtension.java:156)
	at org.junit.jupiter.engine.extension.TimeoutExtension.interceptTestableMethod(TimeoutExtension.java:147)
	at org.junit.jupiter.engine.extension.TimeoutExtension.interceptTestMethod(TimeoutExtension.java:86)
	at org.junit.jupiter.engine.execution.InterceptingExecutableInvoker$ReflectiveInterceptorCall.lambda$ofVoidMethod$0(InterceptingExecutableInvoker.java:103)
	at org.junit.jupiter.engine.execution.InterceptingExecutableInvoker.lambda$invoke$0(InterceptingExecutableInvoker.java:93)
	at org.junit.jupiter.engine.execution.InvocationInterceptorChain$InterceptedInvocation.proceed(InvocationInterceptorChain.java:106)
	at org.junit.jupiter.engine.execution.InvocationInterceptorChain.proceed(InvocationInterceptorChain.java:64)
	at org.junit.jupiter.engine.execution.InvocationInterceptorChain.chainAndInvoke(InvocationInterceptorChain.java:45)
	at org.junit.jupiter.engine.execution.InvocationInterceptorChain.invoke(InvocationInterceptorChain.java:37)
	at org.junit.jupiter.engine.execution.InterceptingExecutableInvoker.invoke(InterceptingExecutableInvoker.java:92)
	at org.junit.jupiter.engine.execution.InterceptingExecutableInvoker.invoke(InterceptingExecutableInvoker.java:86)
	at org.junit.jupiter.engine.descriptor.TestMethodTestDescriptor.lambda$invokeTestMethod$7(TestMethodTestDescriptor.java:217)
	at org.junit.platform.engine.support.hierarchical.ThrowableCollector.execute(ThrowableCollector.java:73)
	at org.junit.jupiter.engine.descriptor.TestMethodTestDescriptor.invokeTestMethod(TestMethodTestDescriptor.java:213)
	at org.junit.jupiter.engine.descriptor.TestMethodTestDescriptor.execute(TestMethodTestDescriptor.java:138)
	at org.junit.jupiter.engine.descriptor.TestMethodTestDescriptor.execute(TestMethodTestDescriptor.java:68)
	at org.junit.platform.engine.support.hierarchical.NodeTestTask.lambda$executeRecursively$6(NodeTestTask.java:151)
	at org.junit.platform.engine.support.hierarchical.ThrowableCollector.execute(ThrowableCollector.java:73)
	at org.junit.platform.engine.support.hierarchical.NodeTestTask.lambda$executeRecursively$8(NodeTestTask.java:141)
	at org.junit.platform.engine.support.hierarchical.Node.around(Node.java:137)
	at org.junit.platform.engine.support.hierarchical.NodeTestTask.lambda$executeRecursively$9(NodeTestTask.java:139)
	at org.junit.platform.engine.support.hierarchical.ThrowableCollector.execute(ThrowableCollector.java:73)
	at org.junit.platform.engine.support.hierarchical.NodeTestTask.executeRecursively(NodeTestTask.java:138)
	at org.junit.platform.engine.support.hierarchical.NodeTestTask.execute(NodeTestTask.java:95)
	at java.base/java.util.ArrayList.forEach(ArrayList.java:1511)
	at org.junit.platform.engine.support.hierarchical.SameThreadHierarchicalTestExecutorService.invokeAll(SameThreadHierarchicalTestExecutorService.java:41)
	at org.junit.platform.engine.support.hierarchical.NodeTestTask.lambda$executeRecursively$6(NodeTestTask.java:155)
	at org.junit.platform.engine.support.hierarchical.ThrowableCollector.execute(ThrowableCollector.java:73)
	at org.junit.platform.engine.support.hierarchical.NodeTestTask.lambda$executeRecursively$8(NodeTestTask.java:141)
	at org.junit.platform.engine.support.hierarchical.Node.around(Node.java:137)
	at org.junit.platform.engine.support.hierarchical.NodeTestTask.lambda$executeRecursively$9(NodeTestTask.java:139)
	at org.junit.platform.engine.support.hierarchical.ThrowableCollector.execute(ThrowableCollector.java:73)
	at org.junit.platform.engine.support.hierarchical.NodeTestTask.executeRecursively(NodeTestTask.java:138)
	at org.junit.platform.engine.support.hierarchical.NodeTestTask.execute(NodeTestTask.java:95)
	at java.base/java.util.ArrayList.forEach(ArrayList.java:1511)
	at org.junit.platform.engine.support.hierarchical.SameThreadHierarchicalTestExecutorService.invokeAll(SameThreadHierarchicalTestExecutorService.java:41)
	at org.junit.platform.engine.support.hierarchical.NodeTestTask.lambda$executeRecursively$6(NodeTestTask.java:155)
	at org.junit.platform.engine.support.hierarchical.ThrowableCollector.execute(ThrowableCollector.java:73)
	at org.junit.platform.engine.support.hierarchical.NodeTestTask.lambda$executeRecursively$8(NodeTestTask.java:141)
	at org.junit.platform.engine.support.hierarchical.Node.around(Node.java:137)
	at org.junit.platform.engine.support.hierarchical.NodeTestTask.lambda$executeRecursively$9(NodeTestTask.java:139)
	at org.junit.platform.engine.support.hierarchical.ThrowableCollector.execute(ThrowableCollector.java:73)
	at org.junit.platform.engine.support.hierarchical.NodeTestTask.executeRecursively(NodeTestTask.java:138)
	at org.junit.platform.engine.support.hierarchical.NodeTestTask.execute(NodeTestTask.java:95)
	at org.junit.platform.engine.support.hierarchical.SameThreadHierarchicalTestExecutorService.submit(SameThreadHierarchicalTestExecutorService.java:35)
	at org.junit.platform.engine.support.hierarchical.HierarchicalTestExecutor.execute(HierarchicalTestExecutor.java:57)
	at org.junit.platform.engine.support.hierarchical.HierarchicalTestEngine.execute(HierarchicalTestEngine.java:54)
	at org.junit.platform.launcher.core.EngineExecutionOrchestrator.execute(EngineExecutionOrchestrator.java:147)
	at org.junit.platform.launcher.core.EngineExecutionOrchestrator.execute(EngineExecutionOrchestrator.java:127)
	at org.junit.platform.launcher.core.EngineExecutionOrchestrator.execute(EngineExecutionOrchestrator.java:90)
	at org.junit.platform.launcher.core.EngineExecutionOrchestrator.lambda$execute$0(EngineExecutionOrchestrator.java:55)
	at org.junit.platform.launcher.core.EngineExecutionOrchestrator.withInterceptedStreams(EngineExecutionOrchestrator.java:102)
	at org.junit.platform.launcher.core.EngineExecutionOrchestrator.execute(EngineExecutionOrchestrator.java:54)
	at org.junit.platform.launcher.core.DefaultLauncher.execute(DefaultLauncher.java:114)
	at org.junit.platform.launcher.core.DefaultLauncher.execute(DefaultLauncher.java:86)
	at org.junit.platform.launcher.core.DefaultLauncherSession$DelegatingLauncher.execute(DefaultLauncherSession.java:86)
	at org.apache.maven.surefire.junitplatform.LazyLauncher.execute(LazyLauncher.java:56)
	at org.apache.maven.surefire.junitplatform.JUnitPlatformProvider.execute(JUnitPlatformProvider.java:184)
	at org.apache.maven.surefire.junitplatform.JUnitPlatformProvider.invokeAllTests(JUnitPlatformProvider.java:148)
	at org.apache.maven.surefire.junitplatform.JUnitPlatformProvider.invoke(JUnitPlatformProvider.java:122)
	at org.apache.maven.surefire.booter.ForkedBooter.runSuitesInProcess(ForkedBooter.java:385)
	at org.apache.maven.surefire.booter.ForkedBooter.execute(ForkedBooter.java:162)
	at org.apache.maven.surefire.booter.ForkedBooter.run(ForkedBooter.java:507)
	at org.apache.maven.surefire.booter.ForkedBooter.main(ForkedBooter.java:495)

[INFO] 
[INFO] Results:
[INFO] 
[ERROR] Failures: 
[ERROR]   ApplicationOnlyAmendmentAccWriteOffRuleTest.shouldApplyOnlyForApplicationResultsOnlyAmendment:59 Rule should apply for application-only amendment
[INFO] 
[ERROR] Tests run: 2, Failures: 1, Errors: 0, Skipped: 0
[INFO] 
[INFO] ------------------------------------------------------------------------
[INFO] BUILD FAILURE
[INFO] ------------------------------------------------------------------------
[INFO] Total time:  9.442 s
[INFO] Finished at: 2025-11-09T20:26:25Z
[INFO] ------------------------------------------------------------------------
[ERROR] Failed to execute goal org.apache.maven.plugins:maven-surefire-plugin:3.1.2:test (default-test) on project results-domain-aggregate: There are test failures.
[ERROR] 
[ERROR] Please refer to /Users/srivanimuddineni/HMCTS/becontexts/cpp-context-results/results-domain/results-domain-aggregate/target/surefire-reports for the individual test results.
[ERROR] Please refer to dump files (if any exist) [date].dump, [date]-jvmRun[N].dump and [date].dumpstream.
[ERROR] -> [Help 1]
org.apache.maven.lifecycle.LifecycleExecutionException: Failed to execute goal org.apache.maven.plugins:maven-surefire-plugin:3.1.2:test (default-test) on project results-domain-aggregate: There are test failures.

Please refer to /Users/srivanimuddineni/HMCTS/becontexts/cpp-context-results/results-domain/results-domain-aggregate/target/surefire-reports for the individual test results.
Please refer to dump files (if any exist) [date].dump, [date]-jvmRun[N].dump and [date].dumpstream.
    at org.apache.maven.lifecycle.internal.MojoExecutor.execute (MojoExecutor.java:215)
    at org.apache.maven.lifecycle.internal.MojoExecutor.execute (MojoExecutor.java:156)
    at org.apache.maven.lifecycle.internal.MojoExecutor.execute (MojoExecutor.java:148)
    at org.apache.maven.lifecycle.internal.LifecycleModuleBuilder.buildProject (LifecycleModuleBuilder.java:117)
    at org.apache.maven.lifecycle.internal.LifecycleModuleBuilder.buildProject (LifecycleModuleBuilder.java:81)
    at org.apache.maven.lifecycle.internal.builder.singlethreaded.SingleThreadedBuilder.build (SingleThreadedBuilder.java:56)
    at org.apache.maven.lifecycle.internal.LifecycleStarter.execute (LifecycleStarter.java:128)
    at org.apache.maven.DefaultMaven.doExecute (DefaultMaven.java:305)
    at org.apache.maven.DefaultMaven.doExecute (DefaultMaven.java:192)
    at org.apache.maven.DefaultMaven.execute (DefaultMaven.java:105)
    at org.apache.maven.cli.MavenCli.execute (MavenCli.java:972)
    at org.apache.maven.cli.MavenCli.doMain (MavenCli.java:293)
    at org.apache.maven.cli.MavenCli.main (MavenCli.java:196)
    at jdk.internal.reflect.NativeMethodAccessorImpl.invoke0 (Native Method)
    at jdk.internal.reflect.NativeMethodAccessorImpl.invoke (NativeMethodAccessorImpl.java:77)
    at jdk.internal.reflect.DelegatingMethodAccessorImpl.invoke (DelegatingMethodAccessorImpl.java:43)
    at java.lang.reflect.Method.invoke (Method.java:568)
    at org.codehaus.plexus.classworlds.launcher.Launcher.launchEnhanced (Launcher.java:282)
    at org.codehaus.plexus.classworlds.launcher.Launcher.launch (Launcher.java:225)
    at org.codehaus.plexus.classworlds.launcher.Launcher.mainWithExitCode (Launcher.java:406)
    at org.codehaus.plexus.classworlds.launcher.Launcher.main (Launcher.java:347)
Caused by: org.apache.maven.plugin.MojoFailureException: There are test failures.

Please refer to /Users/srivanimuddineni/HMCTS/becontexts/cpp-context-results/results-domain/results-domain-aggregate/target/surefire-reports for the individual test results.
Please refer to dump files (if any exist) [date].dump, [date]-jvmRun[N].dump and [date].dumpstream.
    at org.apache.maven.plugin.surefire.SurefireHelper.throwException (SurefireHelper.java:247)
    at org.apache.maven.plugin.surefire.SurefireHelper.reportExecution (SurefireHelper.java:159)
    at org.apache.maven.plugin.surefire.SurefirePlugin.handleSummary (SurefirePlugin.java:542)
    at org.apache.maven.plugin.surefire.AbstractSurefireMojo.executeAfterPreconditionsChecked (AbstractSurefireMojo.java:1067)
    at org.apache.maven.plugin.surefire.AbstractSurefireMojo.execute (AbstractSurefireMojo.java:871)
    at org.apache.maven.plugin.DefaultBuildPluginManager.executeMojo (DefaultBuildPluginManager.java:137)
    at org.apache.maven.lifecycle.internal.MojoExecutor.execute (MojoExecutor.java:210)
    at org.apache.maven.lifecycle.internal.MojoExecutor.execute (MojoExecutor.java:156)
    at org.apache.maven.lifecycle.internal.MojoExecutor.execute (MojoExecutor.java:148)
    at org.apache.maven.lifecycle.internal.LifecycleModuleBuilder.buildProject (LifecycleModuleBuilder.java:117)
    at org.apache.maven.lifecycle.internal.LifecycleModuleBuilder.buildProject (LifecycleModuleBuilder.java:81)
    at org.apache.maven.lifecycle.internal.builder.singlethreaded.SingleThreadedBuilder.build (SingleThreadedBuilder.java:56)
    at org.apache.maven.lifecycle.internal.LifecycleStarter.execute (LifecycleStarter.java:128)
    at org.apache.maven.DefaultMaven.doExecute (DefaultMaven.java:305)
    at org.apache.maven.DefaultMaven.doExecute (DefaultMaven.java:192)
    at org.apache.maven.DefaultMaven.execute (DefaultMaven.java:105)
    at org.apache.maven.cli.MavenCli.execute (MavenCli.java:972)
    at org.apache.maven.cli.MavenCli.doMain (MavenCli.java:293)
    at org.apache.maven.cli.MavenCli.main (MavenCli.java:196)
    at jdk.internal.reflect.NativeMethodAccessorImpl.invoke0 (Native Method)
    at jdk.internal.reflect.NativeMethodAccessorImpl.invoke (NativeMethodAccessorImpl.java:77)
    at jdk.internal.reflect.DelegatingMethodAccessorImpl.invoke (DelegatingMethodAccessorImpl.java:43)
    at java.lang.reflect.Method.invoke (Method.java:568)
    at org.codehaus.plexus.classworlds.launcher.Launcher.launchEnhanced (Launcher.java:282)
    at org.codehaus.plexus.classworlds.launcher.Launcher.launch (Launcher.java:225)
    at org.codehaus.plexus.classworlds.launcher.Launcher.mainWithExitCode (Launcher.java:406)
    at org.codehaus.plexus.classworlds.launcher.Launcher.main (Launcher.java:347)
[ERROR] 
[ERROR] Re-run Maven using the -X switch to enable full debug logging.
[ERROR] 
[ERROR] For more information about the errors and possible solutions, please read the following articles:
[ERROR] [Help 1] http://cwiki.apache.org/confluence/display/MAVEN/MojoFailureException
